 2019-06-01T08:27:33.169Z [error] Updating a person
2019-06-01T08:28:36.240Z [error] Reading a person
2019-06-01T08:53:15.454Z [error] Creating a calendar
2019-06-01T08:53:15.733Z [error] Creating a calendar
2019-06-01T08:53:22.611Z [error] Creating a calendar
2019-06-01T08:53:22.880Z [error] Creating a calendar
2019-06-01T08:53:29.668Z [error] Creating a calendar
2019-06-01T08:53:29.806Z [error] Creating a calendar
2019-06-01T08:53:38.168Z [error] Creating a calendar
2019-06-01T08:53:38.435Z [error] Creating a calendar
2019-06-01T08:53:44.495Z [error] Creating a calendar
2019-06-01T08:53:44.550Z [error] Creating a calendar
2019-06-01T08:53:54.898Z [error] Creating a calendar
2019-06-01T08:53:55.116Z [error] Creating a calendar
2019-06-01T09:36:52.263Z [error] Reading a calendar
2019-06-01T12:45:07.259Z [error] Updating a person
2019-06-04T13:50:55.147Z [error] Reading a person
2019-06-04T13:50:55.156Z [error] Reading a person
2019-06-04T13:50:55.162Z [error] Reading a person
2019-06-04T13:50:55.318Z [error] Reading a calendar
2019-06-04T13:50:55.882Z [error] Reading a person
2019-06-04T13:50:55.893Z [error] Updating a person
2019-06-04T13:50:56.110Z [error] Reading a person
2019-06-04T13:50:56.118Z [error] Updating a person
2019-06-04T13:51:36.491Z [error] Updating a person
2019-06-04T13:51:43.212Z [error] Reading a person
2019-06-04T13:51:43.218Z [error] Reading a person
2019-06-04T13:51:43.221Z [error] Reading a person
2019-06-04T13:51:43.309Z [error] Reading a calendar
2019-06-04T13:51:43.434Z [error] Reading a person
2019-06-04T13:51:43.444Z [error] Updating a person
2019-06-04T13:51:43.872Z [error] Reading a person
2019-06-04T13:51:43.884Z [error] Updating a person
2019-06-04T13:53:54.716Z [error] Reading a person
2019-06-04T13:53:54.719Z [error] Reading a person
2019-06-04T13:53:54.722Z [error] Reading a person
2019-06-04T13:53:54.864Z [error] Reading a calendar
2019-06-04T13:53:54.904Z [error] Reading a person
2019-06-04T13:53:54.917Z [error] Updating a person
2019-06-04T13:53:54.956Z [error] Reading a person
2019-06-04T13:53:54.969Z [error] Updating a person
2019-06-04T15:52:13.202Z [error] Reading a person
2019-06-04T15:52:13.209Z [error] Reading a person
2019-06-04T15:52:13.213Z [error] Reading a person
2019-06-04T15:52:13.323Z [error] Reading a calendar
2019-06-04T15:52:16.727Z [error] Reading a person
2019-06-04T15:52:16.739Z [error] Reading a person
2019-06-04T15:52:17.129Z [error] Reading a person
2019-06-04T15:52:17.132Z [error] Reading a person
2019-06-04T15:52:17.139Z [error] Updating a person
2019-06-04T15:52:17.144Z [error] Updating a person
2019-06-04T15:52:17.423Z [error] Reading a person
2019-06-04T15:52:17.426Z [error] Reading a person
2019-06-04T15:52:17.439Z [error] Updating a person
2019-06-04T15:52:17.455Z [error] Updating a person
2019-06-05T07:32:00.371Z [error] Reading a person
2019-06-05T07:32:00.382Z [error] Reading a person
2019-06-05T07:32:00.395Z [error] Reading a person
2019-06-05T07:32:00.607Z [error] Reading a calendar
2019-06-05T07:32:01.146Z [error] Reading a person
2019-06-05T07:32:01.154Z [error] Reading a person
2019-06-05T07:32:01.163Z [error] Updating a person
2019-06-05T07:32:01.168Z [error] Updating a person
