2019-05-31T17:04:56.214Z [info] Updating a person
2019-05-31T17:06:55.037Z [info] Listing a team
2019-05-31T17:07:41.322Z [info] Listing a person
2019-05-31T17:07:41.551Z [info] Reading a person
2019-05-31T17:07:41.577Z [info] Listing a person
2019-05-31T17:07:41.598Z [info] Listing a project
2019-05-31T17:07:41.604Z [info] Reading a person
2019-05-31T17:07:41.622Z [info] Reading a person
2019-05-31T17:07:41.658Z [info] Reading a calendar
2019-05-31T17:07:41.774Z [info] Reading a calendar
2019-05-31T17:07:41.843Z [info] Reading a calendar
2019-05-31T17:07:47.686Z [info] Listing a person
2019-05-31T17:07:51.348Z [info] Reading a person
2019-05-31T17:08:00.259Z [info] Updating a person
2019-05-31T17:08:00.527Z [info] Listing a person
2019-05-31T17:08:03.833Z [info] Reading a person
2019-05-31T17:08:06.023Z [info] Listing a person
2019-05-31T17:09:30.666Z [info] Reading a person
2019-05-31T17:09:36.432Z [info] Listing a person
2019-05-31T17:20:49.268Z [info] Listing a team
2019-05-31T17:20:50.299Z [info] Listing a person
2019-05-31T17:20:50.779Z [info] Listing a customer
2019-05-31T17:20:52.790Z [info] Listing a project
2019-05-31T17:20:54.383Z [info] Listing a project
2019-05-31T17:20:54.409Z [info] Reading a person
2019-05-31T17:20:54.616Z [info] Reading a calendar
2019-05-31T20:55:11.974Z [info] Updating a person
2019-05-31T20:55:34.857Z [info] Listing a person
2019-05-31T20:55:35.210Z [info] Reading a person
2019-05-31T20:55:36.238Z [info] Listing a project
2019-05-31T20:55:36.261Z [info] Listing a person
2019-05-31T20:55:37.241Z [info] Reading a person
2019-05-31T20:55:37.274Z [info] Reading a calendar
2019-05-31T20:55:37.292Z [info] Reading a person
2019-05-31T20:55:37.332Z [info] Reading a calendar
2019-05-31T20:55:37.372Z [info] Reading a calendar
2019-05-31T20:55:51.344Z [info] Listing a team
2019-05-31T20:55:51.367Z [info] Reading a person
2019-05-31T20:55:51.369Z [info] Reading a person
2019-05-31T20:55:51.376Z [info] Reading a person
2019-05-31T20:55:51.394Z [info] Reading a person
2019-05-31T20:55:54.300Z [info] Reading a person
2019-05-31T20:55:54.340Z [info] Reading a person
2019-05-31T20:55:54.374Z [info] Listing a project
2019-05-31T20:55:54.421Z [info] Listing a person
2019-05-31T20:55:54.514Z [info] Reading a calendar
2019-05-31T20:55:54.631Z [info] Reading a calendar
2019-06-01T08:27:29.540Z [info] Listing a team
2019-06-01T08:27:29.674Z [info] Reading a person
2019-06-01T08:27:30.761Z [info] Reading a person
2019-06-01T08:27:30.777Z [info] Reading a person
2019-06-01T08:27:31.770Z [info] Reading a person
2019-06-01T08:27:32.273Z [info] Reading a person
2019-06-01T08:27:32.335Z [info] Reading a person
2019-06-01T08:27:32.373Z [info] Listing a project
2019-06-01T08:27:32.436Z [info] Reading a calendar
2019-06-01T08:27:32.518Z [info] Listing a person
2019-06-01T08:27:32.879Z [info] Reading a calendar
2019-06-01T08:27:32.922Z [info] Reading a person
2019-06-01T08:27:32.946Z [info] Reading a person
2019-06-01T08:27:33.112Z [info] Updating a person
2019-06-01T08:27:33.169Z [info] Updating a person
2019-06-01T08:27:33.169Z [error] Updating a person
2019-06-01T08:27:51.003Z [info] Listing a team
2019-06-01T08:27:51.041Z [info] Reading a person
2019-06-01T08:27:51.043Z [info] Reading a person
2019-06-01T08:27:51.060Z [info] Reading a person
2019-06-01T08:27:52.049Z [info] Reading a person
2019-06-01T08:28:07.978Z [info] Updating a person
2019-06-01T08:28:17.948Z [info] Listing a person
2019-06-01T08:28:18.557Z [info] Reading a person
2019-06-01T08:28:18.628Z [info] Listing a project
2019-06-01T08:28:18.664Z [info] Listing a person
2019-06-01T08:28:18.771Z [info] Reading a person
2019-06-01T08:28:18.885Z [info] Reading a person
2019-06-01T08:28:19.012Z [info] Reading a calendar
2019-06-01T08:28:19.081Z [info] Reading a calendar
2019-06-01T08:28:19.108Z [info] Reading a person
2019-06-01T08:28:19.187Z [info] Reading a calendar
2019-06-01T08:28:19.325Z [info] Reading a person
2019-06-01T08:28:28.209Z [info] Listing a person
2019-06-01T08:28:36.240Z [info] Reading a person
2019-06-01T08:28:36.240Z [error] Reading a person
2019-06-01T08:28:39.068Z [info] Listing a person
2019-06-01T08:28:42.815Z [info] Reading a person
2019-06-01T08:28:49.924Z [info] Listing a project
2019-06-01T08:28:49.946Z [info] Reading a person
2019-06-01T08:28:50.077Z [info] Reading a calendar
2019-06-01T08:30:52.915Z [info] Listing a person
2019-06-01T08:30:54.917Z [info] Listing a project
2019-06-01T08:30:54.944Z [info] Reading a person
2019-06-01T08:30:55.069Z [info] Reading a calendar
2019-06-01T08:31:38.228Z [info] Updating a calendar
2019-06-01T08:32:35.685Z [info] Updating a person
2019-06-01T08:35:58.888Z [info] Listing a person
2019-06-01T08:35:59.277Z [info] Reading a person
2019-06-01T08:35:59.399Z [info] Listing a person
2019-06-01T08:35:59.452Z [info] Listing a project
2019-06-01T08:35:59.470Z [info] Reading a person
2019-06-01T08:35:59.566Z [info] Reading a calendar
2019-06-01T08:35:59.622Z [info] Reading a person
2019-06-01T08:35:59.683Z [info] Reading a calendar
2019-06-01T08:35:59.711Z [info] Reading a calendar
2019-06-01T08:35:59.730Z [info] Reading a person
2019-06-01T08:35:59.773Z [info] Reading a person
2019-06-01T08:41:16.961Z [info] Reading a person
2019-06-01T08:41:17.059Z [info] Listing a project
2019-06-01T08:41:17.164Z [info] Listing a person
2019-06-01T08:41:17.299Z [info] Reading a person
2019-06-01T08:41:17.471Z [info] Reading a calendar
2019-06-01T08:41:17.584Z [info] Listing a person
2019-06-01T08:41:24.341Z [info] Listing a person
2019-06-01T08:41:24.658Z [info] Reading a person
2019-06-01T08:41:24.706Z [info] Listing a project
2019-06-01T08:41:24.750Z [info] Listing a person
2019-06-01T08:41:24.831Z [info] Reading a person
2019-06-01T08:41:24.949Z [info] Reading a person
2019-06-01T08:41:25.016Z [info] Reading a calendar
2019-06-01T08:41:25.086Z [info] Reading a calendar
2019-06-01T08:41:25.139Z [info] Reading a calendar
2019-06-01T08:41:25.162Z [info] Reading a person
2019-06-01T08:41:25.226Z [info] Reading a person
2019-06-01T08:46:05.926Z [info] Reading a person
2019-06-01T08:46:06.113Z [info] Reading a person
2019-06-01T08:46:06.192Z [info] Listing a project
2019-06-01T08:46:06.253Z [info] Listing a person
2019-06-01T08:46:06.412Z [info] Reading a calendar
2019-06-01T08:46:06.525Z [info] Listing a person
2019-06-01T08:46:06.780Z [info] Reading a calendar
2019-06-01T08:46:06.941Z [info] Listing a person
2019-06-01T08:46:13.890Z [info] Listing a project
2019-06-01T08:46:13.916Z [info] Reading a person
2019-06-01T08:46:13.981Z [info] Listing a person
2019-06-01T08:46:14.068Z [info] Reading a person
2019-06-01T08:46:14.206Z [info] Reading a calendar
2019-06-01T08:46:14.334Z [info] Listing a person
2019-06-01T08:46:14.465Z [info] Reading a calendar
2019-06-01T08:46:14.518Z [info] Listing a person
2019-06-01T08:46:50.058Z [info] Listing a project
2019-06-01T08:46:50.130Z [info] Listing a person
2019-06-01T08:46:50.194Z [info] Reading a person
2019-06-01T08:46:50.349Z [info] Reading a person
2019-06-01T08:46:50.566Z [info] Reading a calendar
2019-06-01T08:46:50.667Z [info] Reading a calendar
2019-06-01T08:46:50.722Z [info] Listing a person
2019-06-01T08:46:50.861Z [info] Listing a person
2019-06-01T08:48:55.224Z [info] Listing a person
2019-06-01T08:48:55.465Z [info] Listing a project
2019-06-01T08:48:55.471Z [info] Reading a person
2019-06-01T08:48:55.589Z [info] Listing a person
2019-06-01T08:48:55.730Z [info] Reading a person
2019-06-01T08:48:55.921Z [info] Reading a calendar
2019-06-01T08:48:55.993Z [info] Reading a person
2019-06-01T08:48:56.065Z [info] Reading a calendar
2019-06-01T08:48:56.165Z [info] Creating a calendar
2019-06-01T08:48:56.206Z [info] Reading a calendar
2019-06-01T08:48:56.248Z [info] Reading a person
2019-06-01T08:48:56.351Z [info] Creating a calendar
2019-06-01T08:48:56.418Z [info] Reading a person
2019-06-01T08:51:24.492Z [info] Updating a person
2019-06-01T08:51:28.664Z [info] Listing a person
2019-06-01T08:51:29.130Z [info] Reading a person
2019-06-01T08:51:30.158Z [info] Listing a person
2019-06-01T08:51:31.141Z [info] Listing a project
2019-06-01T08:51:31.169Z [info] Reading a calendar
2019-06-01T08:51:31.192Z [info] Reading a person
2019-06-01T08:51:31.517Z [info] Creating a calendar
2019-06-01T08:51:31.575Z [info] Reading a calendar
2019-06-01T08:51:31.583Z [info] Reading a person
2019-06-01T08:51:31.645Z [info] Reading a person
2019-06-01T08:51:31.770Z [info] Reading a calendar
2019-06-01T08:51:31.959Z [info] Creating a calendar
2019-06-01T08:51:32.087Z [info] Reading a person
2019-06-01T08:53:14.797Z [info] Reading a person
2019-06-01T08:53:14.885Z [info] Listing a project
2019-06-01T08:53:15.024Z [info] Listing a person
2019-06-01T08:53:15.114Z [info] Reading a person
2019-06-01T08:53:15.234Z [info] Reading a calendar
2019-06-01T08:53:15.454Z [info] Creating a calendar
2019-06-01T08:53:15.454Z [error] Creating a calendar
2019-06-01T08:53:15.534Z [info] Reading a calendar
2019-06-01T08:53:15.600Z [info] Listing a person
2019-06-01T08:53:15.732Z [info] Creating a calendar
2019-06-01T08:53:15.733Z [error] Creating a calendar
2019-06-01T08:53:15.770Z [info] Listing a person
2019-06-01T08:53:22.088Z [info] Listing a project
2019-06-01T08:53:22.104Z [info] Reading a person
2019-06-01T08:53:22.174Z [info] Listing a person
2019-06-01T08:53:22.247Z [info] Reading a person
2019-06-01T08:53:22.440Z [info] Reading a calendar
2019-06-01T08:53:22.611Z [info] Creating a calendar
2019-06-01T08:53:22.611Z [error] Creating a calendar
2019-06-01T08:53:22.651Z [info] Listing a person
2019-06-01T08:53:22.804Z [info] Reading a calendar
2019-06-01T08:53:22.880Z [info] Creating a calendar
2019-06-01T08:53:22.880Z [error] Creating a calendar
2019-06-01T08:53:22.915Z [info] Listing a person
2019-06-01T08:53:29.100Z [info] Listing a project
2019-06-01T08:53:29.153Z [info] Reading a person
2019-06-01T08:53:29.248Z [info] Listing a person
2019-06-01T08:53:29.371Z [info] Reading a person
2019-06-01T08:53:29.580Z [info] Reading a calendar
2019-06-01T08:53:29.667Z [info] Creating a calendar
2019-06-01T08:53:29.668Z [error] Creating a calendar
2019-06-01T08:53:29.711Z [info] Reading a calendar
2019-06-01T08:53:29.806Z [info] Creating a calendar
2019-06-01T08:53:29.806Z [error] Creating a calendar
2019-06-01T08:53:29.828Z [info] Listing a person
2019-06-01T08:53:29.899Z [info] Listing a person
2019-06-01T08:53:37.572Z [info] Listing a project
2019-06-01T08:53:37.591Z [info] Reading a person
2019-06-01T08:53:37.733Z [info] Listing a person
2019-06-01T08:53:37.782Z [info] Reading a person
2019-06-01T08:53:37.927Z [info] Reading a calendar
2019-06-01T08:53:38.167Z [info] Creating a calendar
2019-06-01T08:53:38.168Z [error] Creating a calendar
2019-06-01T08:53:38.248Z [info] Reading a calendar
2019-06-01T08:53:38.284Z [info] Listing a person
2019-06-01T08:53:38.434Z [info] Creating a calendar
2019-06-01T08:53:38.435Z [error] Creating a calendar
2019-06-01T08:53:38.527Z [info] Listing a person
2019-06-01T08:53:43.970Z [info] Listing a project
2019-06-01T08:53:44.018Z [info] Listing a person
2019-06-01T08:53:44.066Z [info] Reading a person
2019-06-01T08:53:44.163Z [info] Reading a person
2019-06-01T08:53:44.366Z [info] Reading a calendar
2019-06-01T08:53:44.429Z [info] Reading a calendar
2019-06-01T08:53:44.495Z [info] Creating a calendar
2019-06-01T08:53:44.495Z [error] Creating a calendar
2019-06-01T08:53:44.550Z [info] Creating a calendar
2019-06-01T08:53:44.550Z [error] Creating a calendar
2019-06-01T08:53:44.592Z [info] Listing a person
2019-06-01T08:53:44.657Z [info] Listing a person
2019-06-01T08:53:54.213Z [info] Listing a project
2019-06-01T08:53:54.232Z [info] Reading a person
2019-06-01T08:53:54.370Z [info] Listing a person
2019-06-01T08:53:54.478Z [info] Reading a person
2019-06-01T08:53:54.778Z [info] Reading a calendar
2019-06-01T08:53:54.898Z [info] Creating a calendar
2019-06-01T08:53:54.898Z [error] Creating a calendar
2019-06-01T08:53:54.971Z [info] Reading a calendar
2019-06-01T08:53:55.004Z [info] Listing a person
2019-06-01T08:53:55.116Z [info] Creating a calendar
2019-06-01T08:53:55.116Z [error] Creating a calendar
2019-06-01T08:53:55.149Z [info] Listing a person
2019-06-01T08:54:06.977Z [info] Listing a person
2019-06-01T08:54:07.374Z [info] Reading a person
2019-06-01T08:54:07.433Z [info] Listing a person
2019-06-01T08:54:07.498Z [info] Listing a project
2019-06-01T08:54:07.518Z [info] Reading a person
2019-06-01T08:54:07.646Z [info] Reading a calendar
2019-06-01T08:54:07.673Z [info] Reading a person
2019-06-01T08:54:07.837Z [info] Creating a calendar
2019-06-01T08:54:07.870Z [info] Reading a calendar
2019-06-01T08:54:07.904Z [info] Reading a calendar
2019-06-01T08:54:07.920Z [info] Reading a person
2019-06-01T08:54:08.126Z [info] Creating a calendar
2019-06-01T08:54:08.210Z [info] Reading a person
2019-06-01T08:59:33.476Z [info] Updating a person
2019-06-01T09:00:00.644Z [info] Listing a person
2019-06-01T09:00:00.849Z [info] Reading a person
2019-06-01T09:00:00.871Z [info] Listing a person
2019-06-01T09:00:00.880Z [info] Reading a person
2019-06-01T09:00:00.889Z [info] Listing a project
2019-06-01T09:00:00.894Z [info] Reading a person
2019-06-01T09:00:00.968Z [info] Reading a calendar
2019-06-01T09:00:01.036Z [info] Reading a calendar
2019-06-01T09:00:01.075Z [info] Reading a calendar
2019-06-01T09:00:01.230Z [info] Creating a calendar
2019-06-01T09:00:01.242Z [info] Creating a calendar
2019-06-01T09:00:01.252Z [info] Reading a person
2019-06-01T09:00:01.258Z [info] Reading a person
2019-06-01T09:00:01.290Z [info] Updating a person
2019-06-01T09:00:01.304Z [info] Updating a person
2019-06-01T09:01:09.594Z [info] Reading a person
2019-06-01T09:01:09.599Z [info] Listing a project
2019-06-01T09:01:09.636Z [info] Reading a calendar
2019-06-01T09:01:20.014Z [info] Updating a calendar
2019-06-01T09:36:51.943Z [info] Listing a person
2019-06-01T09:36:52.120Z [info] Reading a person
2019-06-01T09:36:52.133Z [info] Listing a person
2019-06-01T09:36:52.142Z [info] Listing a project
2019-06-01T09:36:52.146Z [info] Reading a person
2019-06-01T09:36:52.247Z [info] Creating a calendar
2019-06-01T09:36:52.259Z [info] Reading a person
2019-06-01T09:36:52.263Z [info] Reading a calendar
2019-06-01T09:36:52.263Z [error] Reading a calendar
2019-06-01T09:36:52.267Z [info] Reading a person
2019-06-01T09:36:52.379Z [info] Creating a calendar
2019-06-01T09:36:52.391Z [info] Updating a person
2019-06-01T09:36:52.395Z [info] Reading a person
2019-06-01T09:36:52.407Z [info] Updating a person
2019-06-01T09:44:19.981Z [info] Listing a project
2019-06-01T09:44:19.983Z [info] Reading a person
2019-06-01T09:44:20.032Z [info] Reading a calendar
2019-06-01T10:08:45.892Z [info] Listing a project
2019-06-01T10:08:45.901Z [info] Reading a person
2019-06-01T10:08:45.912Z [info] Reading a person
2019-06-01T10:08:45.938Z [info] Listing a person
2019-06-01T10:08:46.014Z [info] Reading a calendar
2019-06-01T10:08:46.096Z [info] Reading a calendar
2019-06-01T10:08:46.631Z [info] Listing a project
2019-06-01T10:08:46.657Z [info] Reading a person
2019-06-01T10:08:46.709Z [info] Reading a calendar
2019-06-01T10:10:49.995Z [info] Reading a person
2019-06-01T10:10:50.005Z [info] Listing a project
2019-06-01T10:10:50.028Z [info] Reading a person
2019-06-01T10:10:50.036Z [info] Listing a person
2019-06-01T10:10:50.081Z [info] Reading a calendar
2019-06-01T10:10:50.149Z [info] Reading a calendar
2019-06-01T10:10:51.746Z [info] Listing a project
2019-06-01T10:10:51.748Z [info] Reading a person
2019-06-01T10:10:51.818Z [info] Reading a calendar
2019-06-01T10:10:53.672Z [info] Listing a person
2019-06-01T10:10:53.775Z [info] Reading a person
2019-06-01T10:10:53.790Z [info] Reading a person
2019-06-01T10:10:53.795Z [info] Reading a person
2019-06-01T10:10:53.825Z [info] Listing a project
2019-06-01T10:10:53.837Z [info] Listing a person
2019-06-01T10:10:53.857Z [info] Reading a calendar
2019-06-01T10:10:53.891Z [info] Reading a calendar
2019-06-01T10:10:53.916Z [info] Reading a calendar
2019-06-01T10:10:57.007Z [info] Listing a person
2019-06-01T10:10:57.015Z [info] Listing a team
2019-06-01T10:10:57.824Z [info] Reading a team
2019-06-01T10:10:57.841Z [info] Reading a person
2019-06-01T10:10:57.845Z [info] Reading a person
2019-06-01T10:10:57.845Z [info] Reading a person
2019-06-01T10:10:57.847Z [info] Reading a person
2019-06-01T10:11:01.961Z [info] Listing a team
2019-06-01T10:11:01.970Z [info] Listing a person
2019-06-01T10:11:04.071Z [info] Listing a person
2019-06-01T12:30:19.563Z [info] Listing a person
2019-06-01T12:30:19.694Z [info] Reading a person
2019-06-01T12:30:19.708Z [info] Listing a person
2019-06-01T12:30:19.715Z [info] Reading a person
2019-06-01T12:30:20.732Z [info] Listing a project
2019-06-01T12:30:20.736Z [info] Reading a person
2019-06-01T12:30:21.761Z [info] Reading a calendar
2019-06-01T12:30:21.794Z [info] Reading a calendar
2019-06-01T12:30:21.828Z [info] Reading a calendar
2019-06-01T12:30:40.129Z [info] Listing a person
2019-06-01T12:31:39.946Z [info] Listing a person
2019-06-01T12:31:39.955Z [info] Listing a team
2019-06-01T12:31:40.779Z [info] Listing a customer
2019-06-01T12:31:41.697Z [info] Listing a project
2019-06-01T12:31:42.613Z [info] Listing a project
2019-06-01T12:31:42.616Z [info] Reading a person
2019-06-01T12:31:42.777Z [info] Reading a calendar
2019-06-01T12:32:16.463Z [info] Listing a project
2019-06-01T12:32:16.464Z [info] Reading a person
2019-06-01T12:32:16.475Z [info] Listing a person
2019-06-01T12:32:16.481Z [info] Reading a person
2019-06-01T12:32:16.515Z [info] Reading a calendar
2019-06-01T12:32:16.611Z [info] Reading a calendar
2019-06-01T12:32:17.493Z [info] Listing a person
2019-06-01T12:32:17.498Z [info] Listing a team
2019-06-01T12:32:23.646Z [info] Reading a person
2019-06-01T12:32:23.649Z [info] Listing a project
2019-06-01T12:32:23.668Z [info] Reading a calendar
2019-06-01T12:32:29.920Z [info] Listing a team
2019-06-01T12:32:29.994Z [info] Reading a person
2019-06-01T12:32:29.996Z [info] Reading a person
2019-06-01T12:32:30.002Z [info] Reading a person
2019-06-01T12:32:30.010Z [info] Reading a person
2019-06-01T12:32:30.015Z [info] Reading a person
2019-06-01T12:32:30.020Z [info] Reading a person
2019-06-01T12:32:30.022Z [info] Reading a person
2019-06-01T12:32:30.028Z [info] Reading a person
2019-06-01T12:40:00.732Z [info] Listing a person
2019-06-01T12:44:49.295Z [info] Updating a person
2019-06-01T12:45:06.753Z [info] Listing a person
2019-06-01T12:45:06.985Z [info] Reading a person
2019-06-01T12:45:06.991Z [info] Listing a person
2019-06-01T12:45:06.998Z [info] Reading a person
2019-06-01T12:45:07.026Z [info] Reading a person
2019-06-01T12:45:07.057Z [info] Listing a project
2019-06-01T12:45:07.091Z [info] Reading a calendar
2019-06-01T12:45:07.123Z [info] Reading a calendar
2019-06-01T12:45:07.141Z [info] Reading a calendar
2019-06-01T12:45:07.220Z [info] Creating a calendar
2019-06-01T12:45:07.226Z [info] Creating a calendar
2019-06-01T12:45:07.233Z [info] Reading a person
2019-06-01T12:45:07.237Z [info] Reading a person
2019-06-01T12:45:07.249Z [info] Updating a person
2019-06-01T12:45:07.259Z [info] Updating a person
2019-06-01T12:45:07.259Z [error] Updating a person
2019-06-01T12:45:09.385Z [info] Reading a person
2019-06-01T12:45:09.389Z [info] Listing a project
2019-06-01T12:45:09.402Z [info] Reading a calendar
2019-06-01T12:45:31.891Z [info] Listing a team
2019-06-01T12:45:31.908Z [info] Reading a person
2019-06-01T12:45:31.913Z [info] Reading a person
2019-06-01T12:45:31.913Z [info] Reading a person
2019-06-01T12:45:31.914Z [info] Reading a person
2019-06-01T12:45:34.254Z [info] Reading a person
2019-06-01T12:45:43.617Z [info] Listing a project
2019-06-01T12:45:43.619Z [info] Reading a person
2019-06-01T12:45:43.672Z [info] Reading a calendar
2019-06-01T12:46:58.290Z [info] Updating a calendar
2019-06-01T12:49:18.512Z [info] Listing a project
2019-06-01T12:49:18.520Z [info] Reading a person
2019-06-01T12:49:18.637Z [info] Reading a calendar
2019-06-01T12:49:22.089Z [info] Listing a team
2019-06-01T12:49:22.144Z [info] Reading a person
2019-06-01T12:49:22.149Z [info] Reading a person
2019-06-01T12:49:22.157Z [info] Reading a person
2019-06-01T12:49:22.162Z [info] Reading a person
2019-06-01T12:49:22.431Z [info] Listing a project
2019-06-01T12:49:22.441Z [info] Reading a person
2019-06-01T12:49:22.546Z [info] Reading a calendar
2019-06-01T12:49:26.470Z [info] Listing a project
2019-06-01T12:49:26.474Z [info] Reading a person
2019-06-01T12:49:26.589Z [info] Reading a calendar
2019-06-01T12:49:27.358Z [info] Listing a team
2019-06-01T12:49:27.383Z [info] Reading a person
2019-06-01T12:49:27.386Z [info] Reading a person
2019-06-01T12:49:27.391Z [info] Reading a person
2019-06-01T12:49:27.394Z [info] Reading a person
2019-06-01T12:49:31.578Z [info] Listing a project
2019-06-01T12:49:31.599Z [info] Reading a person
2019-06-01T12:49:31.685Z [info] Reading a calendar
2019-06-01T12:49:32.614Z [info] Listing a team
2019-06-01T12:49:32.639Z [info] Reading a person
2019-06-01T12:49:32.653Z [info] Reading a person
2019-06-01T12:49:32.654Z [info] Reading a person
2019-06-01T12:49:32.655Z [info] Reading a person
2019-06-01T12:49:37.657Z [info] Listing a person
2019-06-01T12:49:37.811Z [info] Reading a person
2019-06-01T12:49:37.824Z [info] Listing a person
2019-06-01T12:49:37.833Z [info] Listing a project
2019-06-01T12:49:37.835Z [info] Reading a person
2019-06-01T12:49:37.847Z [info] Reading a calendar
2019-06-01T12:49:37.862Z [info] Reading a person
2019-06-01T12:49:37.908Z [info] Reading a calendar
2019-06-01T12:49:37.921Z [info] Reading a calendar
2019-06-01T12:49:40.193Z [info] Listing a project
2019-06-01T12:49:40.195Z [info] Reading a person
2019-06-01T12:49:40.247Z [info] Reading a calendar
2019-06-01T12:49:45.889Z [info] Updating a person
2019-06-01T12:49:51.539Z [info] Listing a person
2019-06-01T12:49:51.677Z [info] Reading a person
2019-06-01T12:49:51.684Z [info] Listing a person
2019-06-01T12:49:51.689Z [info] Listing a project
2019-06-01T12:49:51.694Z [info] Reading a person
2019-06-01T12:49:51.698Z [info] Reading a person
2019-06-01T12:49:51.715Z [info] Reading a calendar
2019-06-01T12:49:51.742Z [info] Reading a calendar
2019-06-01T12:49:51.757Z [info] Reading a calendar
2019-06-01T12:49:53.892Z [info] Listing a team
2019-06-01T12:49:53.905Z [info] Reading a person
2019-06-01T12:49:53.908Z [info] Reading a person
2019-06-01T12:49:53.913Z [info] Reading a person
2019-06-01T12:49:53.915Z [info] Reading a person
2019-06-01T12:49:55.253Z [info] Reading a person
2019-06-01T12:49:57.233Z [info] Reading a person
2019-06-01T12:49:57.238Z [info] Listing a project
2019-06-01T12:49:57.255Z [info] Reading a calendar
2019-06-01T12:50:09.515Z [info] Updating a person
2019-06-01T12:50:39.367Z [info] Listing a person
2019-06-01T12:50:39.596Z [info] Listing a person
2019-06-01T12:50:39.598Z [info] Reading a person
2019-06-01T12:50:39.604Z [info] Listing a project
2019-06-01T12:50:39.615Z [info] Reading a person
2019-06-01T12:50:39.620Z [info] Reading a person
2019-06-01T12:50:39.651Z [info] Reading a calendar
2019-06-01T12:50:39.664Z [info] Reading a calendar
2019-06-01T12:50:39.701Z [info] Reading a calendar
2019-06-01T12:50:45.123Z [info] Listing a project
2019-06-01T12:50:45.124Z [info] Reading a person
2019-06-01T12:50:45.191Z [info] Reading a calendar
2019-06-01T12:54:42.951Z [info] Updating a person
2019-06-01T12:54:52.024Z [info] Listing a person
2019-06-01T12:54:52.252Z [info] Reading a person
2019-06-01T12:54:52.260Z [info] Listing a person
2019-06-01T12:54:52.265Z [info] Reading a person
2019-06-01T12:54:52.274Z [info] Reading a person
2019-06-01T12:54:52.280Z [info] Listing a project
2019-06-01T12:54:52.303Z [info] Reading a calendar
2019-06-01T12:54:52.317Z [info] Reading a calendar
2019-06-01T12:54:52.359Z [info] Reading a calendar
2019-06-01T12:54:53.949Z [info] Listing a team
2019-06-01T12:54:53.961Z [info] Reading a person
2019-06-01T12:54:53.966Z [info] Reading a person
2019-06-01T12:54:53.971Z [info] Reading a person
2019-06-01T12:54:53.972Z [info] Reading a person
2019-06-01T12:55:00.086Z [info] Reading a person
2019-06-01T12:55:02.333Z [info] Reading a person
2019-06-01T12:55:02.338Z [info] Listing a project
2019-06-01T12:55:02.380Z [info] Reading a calendar
2019-06-01T12:55:07.380Z [info] Updating a calendar
2019-06-01T12:55:12.489Z [info] Updating a person
2019-06-01T12:55:50.304Z [info] Listing a team
2019-06-01T12:55:57.552Z [info] Listing a team
2019-06-01T12:56:03.133Z [info] Listing a team
2019-06-01T12:56:09.782Z [info] Listing a team
2019-06-01T12:56:17.345Z [info] Listing a team
2019-06-01T12:56:23.881Z [info] Listing a team
2019-06-01T12:56:26.051Z [info] Listing a person
2019-06-01T12:56:26.228Z [info] Reading a person
2019-06-01T12:56:26.232Z [info] Listing a person
2019-06-01T12:56:26.241Z [info] Listing a project
2019-06-01T12:56:26.242Z [info] Reading a person
2019-06-01T12:56:26.256Z [info] Reading a person
2019-06-01T12:56:26.267Z [info] Reading a calendar
2019-06-01T12:56:26.313Z [info] Reading a calendar
2019-06-01T12:56:26.329Z [info] Reading a calendar
2019-06-01T12:58:44.466Z [info] Listing a project
2019-06-01T12:58:44.476Z [info] Reading a person
2019-06-01T12:58:44.535Z [info] Reading a person
2019-06-01T12:58:44.539Z [info] Listing a person
2019-06-01T12:58:44.692Z [info] Reading a calendar
2019-06-01T12:58:44.709Z [info] Reading a calendar
2019-06-01T12:58:46.177Z [info] Listing a team
2019-06-01T12:58:46.299Z [info] Reading a person
2019-06-01T12:58:46.306Z [info] Reading a person
2019-06-01T12:58:46.309Z [info] Reading a person
2019-06-01T12:58:46.320Z [info] Reading a person
2019-06-01T12:58:46.327Z [info] Reading a person
2019-06-01T12:58:46.328Z [info] Reading a person
2019-06-01T12:58:46.333Z [info] Reading a person
2019-06-01T12:58:46.358Z [info] Reading a person
2019-06-01T12:58:50.303Z [info] Listing a person
2019-06-01T12:58:50.525Z [info] Reading a person
2019-06-01T12:58:50.530Z [info] Listing a person
2019-06-01T12:58:50.538Z [info] Listing a project
2019-06-01T12:58:50.540Z [info] Reading a person
2019-06-01T12:58:50.570Z [info] Reading a calendar
2019-06-01T12:58:50.576Z [info] Reading a person
2019-06-01T12:58:50.613Z [info] Reading a calendar
2019-06-01T12:58:50.633Z [info] Reading a calendar
2019-06-01T13:03:07.652Z [info] Listing a project
2019-06-01T13:03:07.658Z [info] Reading a person
2019-06-01T13:03:07.663Z [info] Listing a person
2019-06-01T13:03:07.706Z [info] Reading a person
2019-06-01T13:03:07.881Z [info] Reading a calendar
2019-06-01T13:03:07.907Z [info] Reading a calendar
2019-06-01T13:03:10.909Z [info] Listing a team
2019-06-01T13:03:10.972Z [info] Reading a person
2019-06-01T13:03:10.997Z [info] Reading a person
2019-06-01T13:03:11.012Z [info] Reading a person
2019-06-01T13:03:11.016Z [info] Reading a person
2019-06-01T13:03:11.020Z [info] Reading a person
2019-06-01T13:03:11.025Z [info] Reading a person
2019-06-01T13:03:11.029Z [info] Reading a person
2019-06-01T13:03:11.037Z [info] Reading a person
2019-06-01T13:03:13.932Z [info] Listing a person
2019-06-01T13:03:14.167Z [info] Reading a person
2019-06-01T13:03:14.176Z [info] Listing a person
2019-06-01T13:03:14.181Z [info] Reading a person
2019-06-01T13:03:14.191Z [info] Listing a project
2019-06-01T13:03:14.199Z [info] Reading a person
2019-06-01T13:03:14.212Z [info] Reading a calendar
2019-06-01T13:03:14.228Z [info] Reading a calendar
2019-06-01T13:03:14.328Z [info] Reading a calendar
2019-06-01T13:03:39.597Z [info] Reading a person
2019-06-01T13:03:39.610Z [info] Reading a person
2019-06-01T13:03:39.616Z [info] Listing a person
2019-06-01T13:03:39.631Z [info] Listing a project
2019-06-01T13:03:39.698Z [info] Reading a calendar
2019-06-01T13:03:39.744Z [info] Reading a calendar
2019-06-01T13:03:40.965Z [info] Listing a team
2019-06-01T13:03:41.187Z [info] Reading a person
2019-06-01T13:03:41.241Z [info] Reading a person
2019-06-01T13:03:41.264Z [info] Reading a person
2019-06-01T13:03:41.274Z [info] Reading a person
2019-06-01T13:03:41.278Z [info] Reading a person
2019-06-01T13:03:41.280Z [info] Reading a person
2019-06-01T13:03:41.288Z [info] Reading a person
2019-06-01T13:03:41.294Z [info] Reading a person
2019-06-01T13:05:36.935Z [info] Listing a person
2019-06-01T13:05:37.136Z [info] Reading a person
2019-06-01T13:05:37.146Z [info] Listing a person
2019-06-01T13:05:37.151Z [info] Reading a person
2019-06-01T13:05:37.174Z [info] Listing a project
2019-06-01T13:05:37.178Z [info] Reading a person
2019-06-01T13:05:37.189Z [info] Reading a calendar
2019-06-01T13:05:37.212Z [info] Reading a calendar
2019-06-01T13:05:37.250Z [info] Reading a calendar
2019-06-01T13:06:56.206Z [info] Reading a person
2019-06-01T13:06:56.226Z [info] Reading a person
2019-06-01T13:06:56.278Z [info] Listing a project
2019-06-01T13:06:56.284Z [info] Listing a person
2019-06-01T13:06:56.307Z [info] Reading a calendar
2019-06-01T13:06:56.428Z [info] Reading a calendar
2019-06-01T13:06:58.950Z [info] Listing a team
2019-06-01T13:06:59.408Z [info] Reading a person
2019-06-01T13:06:59.418Z [info] Reading a person
2019-06-01T13:06:59.424Z [info] Reading a person
2019-06-01T13:06:59.435Z [info] Reading a person
2019-06-01T13:06:59.441Z [info] Reading a person
2019-06-01T13:06:59.449Z [info] Reading a person
2019-06-01T13:06:59.457Z [info] Reading a person
2019-06-01T13:06:59.466Z [info] Reading a person
2019-06-01T13:07:02.274Z [info] Listing a person
2019-06-01T13:07:02.482Z [info] Reading a person
2019-06-01T13:07:02.487Z [info] Listing a person
2019-06-01T13:07:02.521Z [info] Reading a person
2019-06-01T13:07:02.532Z [info] Listing a project
2019-06-01T13:07:02.536Z [info] Reading a person
2019-06-01T13:07:02.551Z [info] Reading a calendar
2019-06-01T13:07:02.572Z [info] Reading a calendar
2019-06-01T13:07:02.648Z [info] Reading a calendar
2019-06-01T13:07:38.845Z [info] Listing a project
2019-06-01T13:07:38.850Z [info] Reading a person
2019-06-01T13:07:38.878Z [info] Listing a person
2019-06-01T13:07:38.881Z [info] Reading a person
2019-06-01T13:07:38.936Z [info] Reading a calendar
2019-06-01T13:07:39.091Z [info] Reading a calendar
2019-06-01T13:07:41.478Z [info] Listing a team
2019-06-01T13:07:41.531Z [info] Reading a person
2019-06-01T13:07:41.540Z [info] Reading a person
2019-06-01T13:07:41.549Z [info] Reading a person
2019-06-01T13:07:41.556Z [info] Reading a person
2019-06-01T13:07:41.563Z [info] Reading a person
2019-06-01T13:07:41.567Z [info] Reading a person
2019-06-01T13:07:41.571Z [info] Reading a person
2019-06-01T13:07:41.575Z [info] Reading a person
2019-06-01T13:07:42.171Z [info] Reading a person
2019-06-01T13:07:42.230Z [info] Reading a person
2019-06-01T13:07:42.689Z [info] Listing a project
2019-06-01T13:07:42.697Z [info] Listing a person
2019-06-01T13:07:42.742Z [info] Reading a calendar
2019-06-01T13:07:42.770Z [info] Reading a calendar
2019-06-01T13:08:13.564Z [info] Reading a person
2019-06-01T13:08:13.567Z [info] Listing a project
2019-06-01T13:08:13.583Z [info] Reading a person
2019-06-01T13:08:13.609Z [info] Listing a person
2019-06-01T13:08:13.673Z [info] Reading a calendar
2019-06-01T13:08:13.746Z [info] Reading a calendar
2019-06-01T13:08:14.462Z [info] Listing a team
2019-06-01T13:08:14.514Z [info] Reading a person
2019-06-01T13:08:14.522Z [info] Reading a person
2019-06-01T13:08:14.526Z [info] Reading a person
2019-06-01T13:08:14.535Z [info] Reading a person
2019-06-01T13:08:14.541Z [info] Reading a person
2019-06-01T13:08:14.548Z [info] Reading a person
2019-06-01T13:08:14.549Z [info] Reading a person
2019-06-01T13:08:14.554Z [info] Reading a person
2019-06-01T13:08:19.099Z [info] Listing a person
2019-06-01T13:08:19.313Z [info] Reading a person
2019-06-01T13:08:19.324Z [info] Listing a person
2019-06-01T13:08:19.329Z [info] Reading a person
2019-06-01T13:08:19.334Z [info] Reading a person
2019-06-01T13:08:19.344Z [info] Listing a project
2019-06-01T13:08:19.357Z [info] Reading a calendar
2019-06-01T13:08:19.378Z [info] Reading a calendar
2019-06-01T13:08:19.392Z [info] Reading a calendar
2019-06-01T13:09:04.036Z [info] Listing a project
2019-06-01T13:09:04.044Z [info] Reading a person
2019-06-01T13:09:04.049Z [info] Listing a person
2019-06-01T13:09:04.069Z [info] Reading a person
2019-06-01T13:09:04.199Z [info] Reading a calendar
2019-06-01T13:09:04.235Z [info] Reading a calendar
2019-06-01T13:09:04.913Z [info] Listing a team
2019-06-01T13:09:04.962Z [info] Reading a person
2019-06-01T13:09:04.976Z [info] Reading a person
2019-06-01T13:09:04.979Z [info] Reading a person
2019-06-01T13:09:04.985Z [info] Reading a person
2019-06-01T13:09:04.986Z [info] Reading a person
2019-06-01T13:09:04.993Z [info] Reading a person
2019-06-01T13:09:04.998Z [info] Reading a person
2019-06-01T13:09:05.008Z [info] Reading a person
2019-06-01T13:09:14.348Z [info] Listing a person
2019-06-01T13:09:14.543Z [info] Reading a person
2019-06-01T13:09:14.552Z [info] Listing a person
2019-06-01T13:09:14.559Z [info] Reading a person
2019-06-01T13:09:14.565Z [info] Reading a person
2019-06-01T13:09:14.588Z [info] Listing a project
2019-06-01T13:09:14.596Z [info] Reading a calendar
2019-06-01T13:09:14.614Z [info] Reading a calendar
2019-06-01T13:09:14.627Z [info] Reading a calendar
2019-06-01T13:09:46.003Z [info] Listing a project
2019-06-01T13:09:46.006Z [info] Reading a person
2019-06-01T13:09:46.066Z [info] Reading a calendar
2019-06-01T13:10:23.364Z [info] Listing a project
2019-06-01T13:10:23.365Z [info] Reading a person
2019-06-01T13:10:23.505Z [info] Reading a calendar
2019-06-01T13:10:23.888Z [info] Listing a team
2019-06-01T13:10:23.916Z [info] Reading a person
2019-06-01T13:10:23.928Z [info] Reading a person
2019-06-01T13:10:23.932Z [info] Reading a person
2019-06-01T13:10:23.934Z [info] Reading a person
2019-06-01T13:10:23.944Z [info] Reading a person
2019-06-01T13:10:23.951Z [info] Reading a person
2019-06-01T13:10:23.952Z [info] Reading a person
2019-06-01T13:10:23.954Z [info] Reading a person
2019-06-01T13:10:30.221Z [info] Listing a person
2019-06-01T13:10:30.417Z [info] Reading a person
2019-06-01T13:10:30.427Z [info] Listing a person
2019-06-01T13:10:30.432Z [info] Reading a person
2019-06-01T13:10:30.436Z [info] Listing a project
2019-06-01T13:10:30.452Z [info] Reading a person
2019-06-01T13:10:30.465Z [info] Reading a calendar
2019-06-01T13:10:30.487Z [info] Reading a calendar
2019-06-01T13:10:30.568Z [info] Reading a calendar
2019-06-01T13:11:10.135Z [info] Reading a person
2019-06-01T13:11:10.179Z [info] Listing a project
2019-06-01T13:11:10.184Z [info] Listing a person
2019-06-01T13:11:10.186Z [info] Reading a person
2019-06-01T13:11:10.210Z [info] Reading a calendar
2019-06-01T13:11:10.331Z [info] Reading a calendar
2019-06-01T13:11:11.093Z [info] Listing a team
2019-06-01T13:11:11.138Z [info] Reading a person
2019-06-01T13:11:11.144Z [info] Reading a person
2019-06-01T13:11:11.151Z [info] Reading a person
2019-06-01T13:11:11.158Z [info] Reading a person
2019-06-01T13:11:11.161Z [info] Reading a person
2019-06-01T13:11:11.168Z [info] Reading a person
2019-06-01T13:11:11.175Z [info] Reading a person
2019-06-01T13:11:11.178Z [info] Reading a person
2019-06-01T13:11:51.647Z [info] Listing a project
2019-06-01T13:11:51.654Z [info] Reading a person
2019-06-01T13:11:51.665Z [info] Listing a person
2019-06-01T13:11:51.670Z [info] Reading a person
2019-06-01T13:11:51.884Z [info] Reading a calendar
2019-06-01T13:11:51.915Z [info] Reading a calendar
2019-06-01T13:11:52.289Z [info] Listing a team
2019-06-01T13:11:52.364Z [info] Reading a person
2019-06-01T13:11:52.385Z [info] Reading a person
2019-06-01T13:11:52.400Z [info] Reading a person
2019-06-01T13:11:52.403Z [info] Reading a person
2019-06-01T13:11:52.418Z [info] Reading a person
2019-06-01T13:11:52.423Z [info] Reading a person
2019-06-01T13:11:52.435Z [info] Reading a person
2019-06-01T13:11:52.436Z [info] Reading a person
2019-06-01T13:13:28.988Z [info] Listing a project
2019-06-01T13:13:29.050Z [info] Reading a person
2019-06-01T13:13:29.094Z [info] Listing a person
2019-06-01T13:13:29.114Z [info] Reading a person
2019-06-01T13:13:29.242Z [info] Reading a calendar
2019-06-01T13:13:29.259Z [info] Reading a calendar
2019-06-01T13:13:29.659Z [info] Listing a team
2019-06-01T13:13:29.999Z [info] Reading a person
2019-06-01T13:13:30.014Z [info] Reading a person
2019-06-01T13:13:30.017Z [info] Reading a person
2019-06-01T13:13:30.020Z [info] Reading a person
2019-06-01T13:13:30.029Z [info] Reading a person
2019-06-01T13:13:30.034Z [info] Reading a person
2019-06-01T13:13:30.036Z [info] Reading a person
2019-06-01T13:13:30.045Z [info] Reading a person
2019-06-01T13:13:35.833Z [info] Listing a project
2019-06-01T13:13:35.841Z [info] Reading a person
2019-06-01T13:13:35.849Z [info] Listing a person
2019-06-01T13:13:35.880Z [info] Reading a person
2019-06-01T13:13:36.016Z [info] Reading a calendar
2019-06-01T13:13:36.042Z [info] Reading a calendar
2019-06-01T13:13:38.179Z [info] Listing a team
2019-06-01T13:13:38.385Z [info] Reading a person
2019-06-01T13:13:38.391Z [info] Reading a person
2019-06-01T13:13:38.406Z [info] Reading a person
2019-06-01T13:13:38.426Z [info] Reading a person
2019-06-01T13:13:39.663Z [info] Reading a person
2019-06-01T13:13:39.697Z [info] Reading a person
2019-06-01T13:13:39.712Z [info] Reading a person
2019-06-01T13:13:39.747Z [info] Reading a person
2019-06-01T13:13:41.407Z [info] Listing a project
2019-06-01T13:13:41.425Z [info] Reading a person
2019-06-01T13:13:41.431Z [info] Listing a person
2019-06-01T13:13:41.458Z [info] Reading a person
2019-06-01T13:13:41.595Z [info] Reading a calendar
2019-06-01T13:13:41.638Z [info] Reading a calendar
2019-06-01T13:13:49.009Z [info] Listing a person
2019-06-01T13:13:49.327Z [info] Reading a person
2019-06-01T13:13:49.345Z [info] Listing a person
2019-06-01T13:13:49.360Z [info] Reading a person
2019-06-01T13:13:49.364Z [info] Reading a person
2019-06-01T13:13:49.369Z [info] Listing a project
2019-06-01T13:13:49.381Z [info] Reading a calendar
2019-06-01T13:13:49.416Z [info] Reading a calendar
2019-06-01T13:13:49.428Z [info] Reading a calendar
2019-06-01T13:13:59.569Z [info] Listing a project
2019-06-01T13:13:59.573Z [info] Reading a person
2019-06-01T13:13:59.605Z [info] Listing a person
2019-06-01T13:13:59.607Z [info] Reading a person
2019-06-01T13:13:59.650Z [info] Reading a calendar
2019-06-01T13:13:59.707Z [info] Reading a calendar
2019-06-01T13:14:00.927Z [info] Listing a team
2019-06-01T13:14:01.025Z [info] Reading a person
2019-06-01T13:14:01.031Z [info] Reading a person
2019-06-01T13:14:01.035Z [info] Reading a person
2019-06-01T13:14:01.038Z [info] Reading a person
2019-06-01T13:14:01.048Z [info] Reading a person
2019-06-01T13:14:01.051Z [info] Reading a person
2019-06-01T13:14:01.054Z [info] Reading a person
2019-06-01T13:14:01.061Z [info] Reading a person
2019-06-01T13:15:04.758Z [info] Listing a person
2019-06-01T13:15:04.946Z [info] Reading a person
2019-06-01T13:15:04.956Z [info] Listing a person
2019-06-01T13:15:04.976Z [info] Reading a person
2019-06-01T13:15:04.986Z [info] Reading a person
2019-06-01T13:15:05.010Z [info] Listing a project
2019-06-01T13:15:05.136Z [info] Reading a calendar
2019-06-01T13:15:05.170Z [info] Reading a calendar
2019-06-01T13:15:05.190Z [info] Reading a calendar
2019-06-01T13:15:26.458Z [info] Listing a team
2019-06-01T13:15:26.586Z [info] Reading a person
2019-06-01T13:15:26.593Z [info] Reading a person
2019-06-01T13:15:26.597Z [info] Reading a person
2019-06-01T13:15:26.606Z [info] Reading a person
2019-06-01T13:15:26.608Z [info] Reading a person
2019-06-01T13:15:26.613Z [info] Reading a person
2019-06-01T13:15:26.615Z [info] Reading a person
2019-06-01T13:15:26.622Z [info] Reading a person
2019-06-01T13:15:27.452Z [info] Reading a person
2019-06-01T13:15:27.587Z [info] Reading a person
2019-06-01T13:15:27.610Z [info] Listing a project
2019-06-01T13:15:27.616Z [info] Listing a person
2019-06-01T13:15:27.626Z [info] Reading a calendar
2019-06-01T13:15:27.641Z [info] Reading a calendar
2019-06-01T13:15:32.869Z [info] Listing a team
2019-06-01T13:15:32.946Z [info] Reading a person
2019-06-01T13:15:33.004Z [info] Reading a person
2019-06-01T13:15:33.016Z [info] Reading a person
2019-06-01T13:15:33.027Z [info] Reading a person
2019-06-01T13:15:33.032Z [info] Reading a person
2019-06-01T13:15:33.039Z [info] Reading a person
2019-06-01T13:15:33.039Z [info] Reading a person
2019-06-01T13:15:33.046Z [info] Reading a person
2019-06-01T13:15:33.751Z [info] Listing a project
2019-06-01T13:15:33.753Z [info] Reading a person
2019-06-01T13:15:33.760Z [info] Listing a person
2019-06-01T13:15:33.763Z [info] Reading a person
2019-06-01T13:15:33.791Z [info] Reading a calendar
2019-06-01T13:15:33.928Z [info] Reading a calendar
2019-06-01T13:15:42.140Z [info] Reading a person
2019-06-01T13:15:42.161Z [info] Reading a person
2019-06-01T13:15:42.229Z [info] Listing a project
2019-06-01T13:15:42.233Z [info] Listing a person
2019-06-01T13:15:42.256Z [info] Reading a calendar
2019-06-01T13:15:42.284Z [info] Reading a calendar
2019-06-01T13:15:43.342Z [info] Listing a team
2019-06-01T13:15:43.431Z [info] Reading a person
2019-06-01T13:15:43.446Z [info] Reading a person
2019-06-01T13:15:43.454Z [info] Reading a person
2019-06-01T13:15:43.458Z [info] Reading a person
2019-06-01T13:15:43.462Z [info] Reading a person
2019-06-01T13:15:43.469Z [info] Reading a person
2019-06-01T13:15:43.472Z [info] Reading a person
2019-06-01T13:15:43.477Z [info] Reading a person
2019-06-01T13:16:23.025Z [info] Listing a person
2019-06-01T13:16:23.307Z [info] Reading a person
2019-06-01T13:16:23.315Z [info] Listing a person
2019-06-01T13:16:23.339Z [info] Reading a person
2019-06-01T13:16:23.378Z [info] Reading a person
2019-06-01T13:16:23.383Z [info] Listing a project
2019-06-01T13:16:23.406Z [info] Reading a calendar
2019-06-01T13:16:23.438Z [info] Reading a calendar
2019-06-01T13:16:23.475Z [info] Reading a calendar
2019-06-01T13:17:17.265Z [info] Reading a person
2019-06-01T13:17:17.270Z [info] Listing a project
2019-06-01T13:17:17.279Z [info] Listing a person
2019-06-01T13:17:17.283Z [info] Reading a person
2019-06-01T13:17:17.323Z [info] Reading a calendar
2019-06-01T13:17:17.415Z [info] Reading a calendar
2019-06-01T13:17:18.347Z [info] Listing a team
2019-06-01T13:17:18.393Z [info] Reading a person
2019-06-01T13:17:18.398Z [info] Reading a person
2019-06-01T13:17:18.403Z [info] Reading a person
2019-06-01T13:17:18.444Z [info] Reading a person
2019-06-01T13:17:18.453Z [info] Reading a person
2019-06-01T13:17:18.469Z [info] Reading a person
2019-06-01T13:17:18.470Z [info] Reading a person
2019-06-01T13:17:18.477Z [info] Reading a person
2019-06-01T13:17:30.609Z [info] Listing a person
2019-06-01T13:17:30.740Z [info] Reading a person
2019-06-01T13:17:30.746Z [info] Listing a person
2019-06-01T13:17:30.752Z [info] Reading a person
2019-06-01T13:17:30.755Z [info] Listing a project
2019-06-01T13:17:30.758Z [info] Reading a person
2019-06-01T13:17:30.773Z [info] Reading a calendar
2019-06-01T13:17:30.786Z [info] Reading a calendar
2019-06-01T13:17:30.821Z [info] Reading a calendar
2019-06-01T13:17:33.309Z [info] Listing a project
2019-06-01T13:17:33.310Z [info] Reading a person
2019-06-01T13:17:33.340Z [info] Reading a calendar
2019-06-01T13:17:39.103Z [info] Updating a calendar
2019-06-01T13:17:40.443Z [info] Updating a calendar
2019-06-01T13:17:46.891Z [info] Updating a calendar
2019-06-01T13:17:52.094Z [info] Updating a person
2019-06-01T13:17:57.632Z [info] Listing a person
2019-06-01T13:17:57.839Z [info] Reading a person
2019-06-01T13:17:57.849Z [info] Listing a person
2019-06-01T13:17:57.852Z [info] Reading a person
2019-06-01T13:17:57.859Z [info] Listing a project
2019-06-01T13:17:57.866Z [info] Reading a person
2019-06-01T13:17:57.879Z [info] Reading a calendar
2019-06-01T13:17:57.899Z [info] Reading a calendar
2019-06-01T13:17:57.934Z [info] Reading a calendar
2019-06-01T13:17:59.319Z [info] Listing a team
2019-06-01T13:17:59.334Z [info] Reading a person
2019-06-01T13:17:59.339Z [info] Reading a person
2019-06-01T13:17:59.344Z [info] Reading a person
2019-06-01T13:17:59.345Z [info] Reading a person
2019-06-01T13:18:05.067Z [info] Reading a person
2019-06-01T13:18:07.223Z [info] Reading a person
2019-06-01T13:18:07.235Z [info] Listing a team
2019-06-01T13:18:07.248Z [info] Reading a person
2019-06-01T13:18:07.254Z [info] Reading a person
2019-06-01T13:18:07.257Z [info] Reading a person
2019-06-01T13:18:07.260Z [info] Reading a person
2019-06-01T13:18:07.291Z [info] Reading a person
2019-06-01T13:18:08.171Z [info] Reading a person
2019-06-01T13:18:09.897Z [info] Reading a person
2019-06-01T13:18:09.902Z [info] Listing a project
2019-06-01T13:18:09.920Z [info] Reading a calendar
2019-06-01T13:18:17.748Z [info] Updating a calendar
2019-06-01T13:18:23.729Z [info] Updating a person
2019-06-01T13:20:59.494Z [info] Listing a person
2019-06-01T13:20:59.727Z [info] Reading a person
2019-06-01T13:20:59.732Z [info] Listing a person
2019-06-01T13:20:59.737Z [info] Reading a person
2019-06-01T13:20:59.742Z [info] Reading a person
2019-06-01T13:20:59.745Z [info] Listing a project
2019-06-01T13:20:59.768Z [info] Reading a calendar
2019-06-01T13:20:59.783Z [info] Reading a calendar
2019-06-01T13:20:59.798Z [info] Reading a calendar
2019-06-04T13:50:54.965Z [info] Listing a person
2019-06-04T13:50:55.147Z [info] Reading a person
2019-06-04T13:50:55.147Z [error] Reading a person
2019-06-04T13:50:55.156Z [info] Reading a person
2019-06-04T13:50:55.156Z [error] Reading a person
2019-06-04T13:50:55.161Z [info] Reading a person
2019-06-04T13:50:55.162Z [error] Reading a person
2019-06-04T13:50:55.318Z [info] Reading a calendar
2019-06-04T13:50:55.318Z [error] Reading a calendar
2019-06-04T13:50:55.431Z [info] Listing a person
2019-06-04T13:50:55.823Z [info] Listing a project
2019-06-04T13:50:55.839Z [info] Creating a calendar
2019-06-04T13:50:55.882Z [info] Reading a person
2019-06-04T13:50:55.882Z [error] Reading a person
2019-06-04T13:50:55.893Z [info] Updating a person
2019-06-04T13:50:55.893Z [error] Updating a person
2019-06-04T13:50:56.098Z [info] Creating a calendar
2019-06-04T13:50:56.110Z [info] Reading a person
2019-06-04T13:50:56.110Z [error] Reading a person
2019-06-04T13:50:56.118Z [info] Updating a person
2019-06-04T13:50:56.118Z [error] Updating a person
2019-06-04T13:50:58.625Z [info] Listing a person
2019-06-04T13:51:36.490Z [info] Updating a person
2019-06-04T13:51:36.491Z [error] Updating a person
2019-06-04T13:51:43.074Z [info] Listing a person
2019-06-04T13:51:43.212Z [info] Reading a person
2019-06-04T13:51:43.212Z [error] Reading a person
2019-06-04T13:51:43.218Z [info] Reading a person
2019-06-04T13:51:43.218Z [error] Reading a person
2019-06-04T13:51:43.221Z [info] Reading a person
2019-06-04T13:51:43.221Z [error] Reading a person
2019-06-04T13:51:43.309Z [info] Reading a calendar
2019-06-04T13:51:43.309Z [error] Reading a calendar
2019-06-04T13:51:43.391Z [info] Listing a project
2019-06-04T13:51:43.409Z [info] Creating a calendar
2019-06-04T13:51:43.434Z [info] Reading a person
2019-06-04T13:51:43.434Z [error] Reading a person
2019-06-04T13:51:43.444Z [info] Updating a person
2019-06-04T13:51:43.444Z [error] Updating a person
2019-06-04T13:51:43.758Z [info] Listing a person
2019-06-04T13:51:43.791Z [info] Creating a calendar
2019-06-04T13:51:43.872Z [info] Reading a person
2019-06-04T13:51:43.872Z [error] Reading a person
2019-06-04T13:51:43.883Z [info] Updating a person
2019-06-04T13:51:43.884Z [error] Updating a person
2019-06-04T13:53:54.404Z [info] Listing a person
2019-06-04T13:53:54.716Z [info] Reading a person
2019-06-04T13:53:54.716Z [error] Reading a person
2019-06-04T13:53:54.719Z [info] Reading a person
2019-06-04T13:53:54.719Z [error] Reading a person
2019-06-04T13:53:54.721Z [info] Reading a person
2019-06-04T13:53:54.722Z [error] Reading a person
2019-06-04T13:53:54.864Z [info] Reading a calendar
2019-06-04T13:53:54.864Z [error] Reading a calendar
2019-06-04T13:53:54.887Z [info] Creating a calendar
2019-06-04T13:53:54.904Z [info] Reading a person
2019-06-04T13:53:54.904Z [error] Reading a person
2019-06-04T13:53:54.917Z [info] Updating a person
2019-06-04T13:53:54.917Z [error] Updating a person
2019-06-04T13:53:54.945Z [info] Creating a calendar
2019-06-04T13:53:54.956Z [info] Reading a person
2019-06-04T13:53:54.956Z [error] Reading a person
2019-06-04T13:53:54.968Z [info] Updating a person
2019-06-04T13:53:54.969Z [error] Updating a person
2019-06-04T13:53:55.304Z [info] Listing a project
2019-06-04T13:53:55.767Z [info] Listing a person
2019-06-04T15:42:24.077Z [info] Listing a team
2019-06-04T15:52:13.049Z [info] Listing a person
2019-06-04T15:52:13.202Z [info] Reading a person
2019-06-04T15:52:13.202Z [error] Reading a person
2019-06-04T15:52:13.208Z [info] Reading a person
2019-06-04T15:52:13.209Z [error] Reading a person
2019-06-04T15:52:13.213Z [info] Reading a person
2019-06-04T15:52:13.213Z [error] Reading a person
2019-06-04T15:52:13.323Z [info] Reading a calendar
2019-06-04T15:52:13.323Z [error] Reading a calendar
2019-06-04T15:52:13.545Z [info] Listing a person
2019-06-04T15:52:16.727Z [info] Reading a person
2019-06-04T15:52:16.727Z [error] Reading a person
2019-06-04T15:52:16.738Z [info] Reading a person
2019-06-04T15:52:16.739Z [error] Reading a person
2019-06-04T15:52:16.829Z [info] Listing a project
2019-06-04T15:52:17.111Z [info] Creating a calendar
2019-06-04T15:52:17.119Z [info] Listing a team
2019-06-04T15:52:17.124Z [info] Creating a calendar
2019-06-04T15:52:17.129Z [info] Reading a person
2019-06-04T15:52:17.129Z [error] Reading a person
2019-06-04T15:52:17.132Z [info] Reading a person
2019-06-04T15:52:17.132Z [error] Reading a person
2019-06-04T15:52:17.139Z [info] Updating a person
2019-06-04T15:52:17.139Z [error] Updating a person
2019-06-04T15:52:17.144Z [info] Updating a person
2019-06-04T15:52:17.144Z [error] Updating a person
2019-06-04T15:52:17.397Z [info] Creating a calendar
2019-06-04T15:52:17.410Z [info] Creating a calendar
2019-06-04T15:52:17.422Z [info] Listing a project
2019-06-04T15:52:17.423Z [info] Reading a person
2019-06-04T15:52:17.423Z [error] Reading a person
2019-06-04T15:52:17.426Z [info] Reading a person
2019-06-04T15:52:17.426Z [error] Reading a person
2019-06-04T15:52:17.439Z [info] Updating a person
2019-06-04T15:52:17.439Z [error] Updating a person
2019-06-04T15:52:17.455Z [info] Updating a person
2019-06-04T15:52:17.455Z [error] Updating a person
2019-06-04T15:52:17.994Z [info] Listing a person
2019-06-04T15:52:20.567Z [info] Listing a team
2019-06-05T07:32:00.098Z [info] Listing a person
2019-06-05T07:32:00.370Z [info] Reading a person
2019-06-05T07:32:00.371Z [error] Reading a person
2019-06-05T07:32:00.382Z [info] Reading a person
2019-06-05T07:32:00.382Z [error] Reading a person
2019-06-05T07:32:00.395Z [info] Reading a person
2019-06-05T07:32:00.395Z [error] Reading a person
2019-06-05T07:32:00.607Z [info] Reading a calendar
2019-06-05T07:32:00.607Z [error] Reading a calendar
2019-06-05T07:32:00.890Z [info] Listing a project
2019-06-05T07:32:01.104Z [info] Creating a calendar
2019-06-05T07:32:01.136Z [info] Creating a calendar
2019-06-05T07:32:01.146Z [info] Reading a person
2019-06-05T07:32:01.146Z [error] Reading a person
2019-06-05T07:32:01.154Z [info] Reading a person
2019-06-05T07:32:01.154Z [error] Reading a person
2019-06-05T07:32:01.163Z [info] Updating a person
2019-06-05T07:32:01.163Z [error] Updating a person
2019-06-05T07:32:01.168Z [info] Updating a person
2019-06-05T07:32:01.168Z [error] Updating a person
2019-06-05T07:32:01.819Z [info] Listing a person
